‚ùØ Building...
‚úò [ERROR] TS2305: Module '"./shared/components/navbar/navbar.component"' has no exported member 'NavbarComponent'. [plugin angular-compiler]

    src/app/app.component.ts:2:9:
      2 ‚îÇ import { NavbarComponent } from './shared/components/navbar/navbar....
        ‚ïµ          ~~~~~~~~~~~~~~~

‚úò [ERROR] NG1010: 'imports' must be an array of components, directives, pipes, or NgModules.
  Value could not be determined statically. [plugin angular-compiler]

    src/app/app.component.ts:7:12:
      7 ‚îÇ   imports: [NavbarComponent],
        ‚ïµ             ~~~~~~~~~~~~~~~

  Unknown reference.

    src/app/app.component.ts:7:12:
      7 ‚îÇ   imports: [NavbarComponent],
        ‚ïµ             ~~~~~~~~~~~~~~~

‚úò [ERROR] TS2305: Module '"../shared/components/navbar/navbar.component"' has no exported member 'NavbarComponent'. [plugin angular-compiler]

    src/app/app/app.component.ts:2:9:
      2 ‚îÇ import { NavbarComponent } from '../shared/components/navbar/navbar...
        ‚ïµ          ~~~~~~~~~~~~~~~

‚úò [ERROR] NG1010: 'imports' must be an array of components, directives, pipes, or NgModules.
  Value could not be determined statically. [plugin angular-compiler]

    src/app/app/app.component.ts:7:12:
      7 ‚îÇ   imports: [NavbarComponent],
        ‚ïµ             ~~~~~~~~~~~~~~~

  Unknown reference.

    src/app/app/app.component.ts:7:12:
      7 ‚îÇ   imports: [NavbarComponent],
        ‚ïµ             ~~~~~~~~~~~~~~~

‚úò [ERROR] TS1127: Invalid character. [plugin angular-compiler]

    src/app/shared/components/navbar/navbar.component.ts:6:12:
      6 ‚îÇ   template: \`
        ‚ïµ             ^

‚úò [ERROR] TS1136: Property assignment expected. [plugin angular-compiler]

    src/app/shared/components/navbar/navbar.component.ts:6:13:
      6 ‚îÇ   template: \`
        ‚ïµ              ^

‚úò [ERROR] TS1160: Unterminated template literal. [plugin angular-compiler]

    src/app/shared/components/navbar/navbar.component.ts:19:0:
      19 ‚îÇ 
         ‚ïµ ^

‚óè [DEBUG] This "import" expression will not be bundled because the argument is not a string literal [unsupported-dynamic-import]

    src/app/pages/home/home.component.ts:19:120:
      19 ‚îÇ ...nt"; function HomeComponent_HmrLoad(t) { import(/* @vite-ignore */
         ‚ïµ                                             ~~~~~~

‚óè [DEBUG] This "import" expression will not be bundled because the argument is not a string literal [unsupported-dynamic-import]

    src/app/pages/home/home.component.ts:19:120:
      19 ‚îÇ ...nt"; function HomeComponent_HmrLoad(t) { import(/* @vite-ignore */
         ‚ïµ                                             ~~~~~~

‚óè [DEBUG] This "import" expression will not be bundled because the argument is not a string literal [unsupported-dynamic-import]

    src/app/app.ts:86:74:
      86 ‚îÇ ...app.ts%40App"; function App_HmrLoad(t) { import(/* @vite-ignore */
         ‚ïµ                                             ~~~~~~

7 errors
‚úî Building...
Application bundle generation failed. [1.481 seconds] - 2025-10-13T21:06:47.077Z

[31m‚úò [41;31m[[41;97mERROR[41;31m][0m [1mTS2305: Module '"./shared/components/navbar/navbar.component"' has no exported member 'NavbarComponent'.[0m [1m[35m[plugin angular-compiler][0m

    src/app/app.component.ts:2:9:
[37m      2 ‚îÇ import { [32mNavbarComponent[37m } from './shared/components/navbar/navbar....
        ‚ïµ          [32m~~~~~~~~~~~~~~~[0m


[31m‚úò [41;31m[[41;97mERROR[41;31m][0m [1mNG1010: 'imports' must be an array of components, directives, pipes, or NgModules.
  Value could not be determined statically.[0m [1m[35m[plugin angular-compiler][0m

    src/app/app.component.ts:7:12:
[37m      7 ‚îÇ   imports: [[32mNavbarComponent[37m],
        ‚ïµ             [32m~~~~~~~~~~~~~~~[0m

  Unknown reference.

    src/app/app.component.ts:7:12:
[37m      7 ‚îÇ   imports: [[32mNavbarComponent[37m],
        ‚ïµ             [32m~~~~~~~~~~~~~~~[0m


[31m‚úò [41;31m[[41;97mERROR[41;31m][0m [1mTS2305: Module '"../shared/components/navbar/navbar.component"' has no exported member 'NavbarComponent'.[0m [1m[35m[plugin angular-compiler][0m

    src/app/app/app.component.ts:2:9:
[37m      2 ‚îÇ import { [32mNavbarComponent[37m } from '../shared/components/navbar/navbar...
        ‚ïµ          [32m~~~~~~~~~~~~~~~[0m


[31m‚úò [41;31m[[41;97mERROR[41;31m][0m [1mNG1010: 'imports' must be an array of components, directives, pipes, or NgModules.
  Value could not be determined statically.[0m [1m[35m[plugin angular-compiler][0m

    src/app/app/app.component.ts:7:12:
[37m      7 ‚îÇ   imports: [[32mNavbarComponent[37m],
        ‚ïµ             [32m~~~~~~~~~~~~~~~[0m

  Unknown reference.

    src/app/app/app.component.ts:7:12:
[37m      7 ‚îÇ   imports: [[32mNavbarComponent[37m],
        ‚ïµ             [32m~~~~~~~~~~~~~~~[0m


[31m‚úò [41;31m[[41;97mERROR[41;31m][0m [1mTS1127: Invalid character.[0m [1m[35m[plugin angular-compiler][0m

    src/app/shared/components/navbar/navbar.component.ts:6:12:
[37m      6 ‚îÇ   template: [32m[37m\`
        ‚ïµ             [32m^[0m


[31m‚úò [41;31m[[41;97mERROR[41;31m][0m [1mTS1136: Property assignment expected.[0m [1m[35m[plugin angular-compiler][0m

    src/app/shared/components/navbar/navbar.component.ts:6:13:
[37m      6 ‚îÇ   template: \[32m`[37m
        ‚ïµ              [32m^[0m


[31m‚úò [41;31m[[41;97mERROR[41;31m][0m [1mTS1160: Unterminated template literal.[0m [1m[35m[plugin angular-compiler][0m

    src/app/shared/components/navbar/navbar.component.ts:19:0:
[37m      19 ‚îÇ [32m[37m
         ‚ïµ [32m^[0m


Watch mode enabled. Watching for file changes...
